2025-05-13 15:18:02.101 [info] Reading sessions from keychain...
2025-05-13 15:18:02.101 [info] Getting sessions for all scopes...
2025-05-13 15:18:02.101 [info] Getting sessions for all scopes...
2025-05-13 15:18:02.101 [info] Getting sessions for all scopes...
2025-05-13 15:18:02.101 [info] Getting sessions for all scopes...
2025-05-13 15:18:02.101 [info] Getting sessions for all scopes...
2025-05-13 15:18:02.101 [info] Getting sessions for all scopes...
2025-05-13 15:18:02.101 [info] Getting sessions for all scopes...
2025-05-13 15:18:02.101 [info] Got 0 sessions for ...
2025-05-13 15:18:02.101 [info] Got 0 sessions for ...
2025-05-13 15:18:02.101 [info] Got 0 sessions for ...
2025-05-13 15:18:02.101 [info] Got 0 sessions for ...
2025-05-13 15:18:02.101 [info] Got 0 sessions for ...
2025-05-13 15:18:02.101 [info] Got 0 sessions for ...
2025-05-13 15:18:02.101 [info] Got 0 sessions for ...
2025-05-13 15:18:02.401 [info] Getting sessions for all scopes...
2025-05-13 15:18:02.401 [info] Got 0 sessions for ...
2025-05-13 15:18:03.056 [info] Getting sessions for all scopes...
2025-05-13 15:18:03.056 [info] Got 0 sessions for ...
2025-05-13 15:18:03.620 [info] Getting sessions for all scopes...
2025-05-13 15:18:03.620 [info] Got 0 sessions for ...
2025-05-13 15:18:03.650 [info] Getting sessions for read:user,repo,user:email,workflow...
2025-05-13 15:18:03.650 [info] Got 0 sessions for read:user,repo,user:email,workflow...
