2025-05-12 18:51:39.140 [info] Reading sessions from keychain...
2025-05-12 18:51:39.140 [info] Getting sessions for all scopes...
2025-05-12 18:51:39.140 [info] Getting sessions for all scopes...
2025-05-12 18:51:39.140 [info] Getting sessions for all scopes...
2025-05-12 18:51:39.140 [info] Getting sessions for all scopes...
2025-05-12 18:51:39.140 [info] Getting sessions for all scopes...
2025-05-12 18:51:39.140 [info] Getting sessions for all scopes...
2025-05-12 18:51:39.140 [info] Getting sessions for all scopes...
2025-05-12 18:51:39.159 [info] Got 0 sessions for ...
2025-05-12 18:51:39.159 [info] Got 0 sessions for ...
2025-05-12 18:51:39.159 [info] Got 0 sessions for ...
2025-05-12 18:51:39.159 [info] Got 0 sessions for ...
2025-05-12 18:51:39.159 [info] Got 0 sessions for ...
2025-05-12 18:51:39.159 [info] Got 0 sessions for ...
2025-05-12 18:51:39.159 [info] Got 0 sessions for ...
2025-05-12 18:51:39.437 [info] Getting sessions for all scopes...
2025-05-12 18:51:39.437 [info] Got 0 sessions for ...
2025-05-12 18:51:39.850 [info] Getting sessions for all scopes...
2025-05-12 18:51:39.850 [info] Got 0 sessions for ...
2025-05-12 18:51:40.041 [info] Getting sessions for all scopes...
2025-05-12 18:51:40.042 [info] Got 0 sessions for ...
2025-05-12 18:51:40.511 [info] Getting sessions for read:user,repo,user:email,workflow...
2025-05-12 18:51:40.512 [info] Got 0 sessions for read:user,repo,user:email,workflow...
