2025-05-12 18:07:29.807 [info] [main] Log level: Info
2025-05-12 18:07:29.807 [info] [main] Validating found git in: "git"
2025-05-12 18:07:29.807 [info] [main] Using git "2.49.0" from "git"
2025-05-12 18:07:29.807 [info] [Model][doInitialScan] Initial repository scan started
2025-05-12 18:07:29.807 [info] > git rev-parse --show-toplevel [3ms]
2025-05-12 18:07:29.807 [info] fatal: not a git repository (or any of the parent directories): .git
2025-05-12 18:07:29.807 [info] > git rev-parse --show-toplevel [3ms]
2025-05-12 18:07:29.807 [info] fatal: not a git repository (or any of the parent directories): .git
2025-05-12 18:07:29.820 [info] > git rev-parse --show-toplevel [4ms]
2025-05-12 18:07:29.820 [info] fatal: not a git repository (or any of the parent directories): .git
2025-05-12 18:07:29.859 [info] > git rev-parse --show-toplevel [33ms]
2025-05-12 18:07:29.859 [info] fatal: not a git repository (or any of the parent directories): .git
2025-05-12 18:07:29.894 [info] > git rev-parse --show-toplevel [2ms]
2025-05-12 18:07:29.894 [info] fatal: not a git repository (or any of the parent directories): .git
2025-05-12 18:07:29.902 [info] > git rev-parse --show-toplevel [2ms]
2025-05-12 18:07:29.902 [info] fatal: not a git repository (or any of the parent directories): .git
2025-05-12 18:07:29.909 [info] > git rev-parse --show-toplevel [1ms]
2025-05-12 18:07:29.909 [info] fatal: not a git repository (or any of the parent directories): .git
2025-05-12 18:07:29.915 [info] > git rev-parse --show-toplevel [2ms]
2025-05-12 18:07:29.915 [info] fatal: not a git repository (or any of the parent directories): .git
2025-05-12 18:07:29.921 [info] > git rev-parse --show-toplevel [1ms]
2025-05-12 18:07:29.921 [info] fatal: not a git repository (or any of the parent directories): .git
2025-05-12 18:07:29.934 [info] > git rev-parse --show-toplevel [2ms]
2025-05-12 18:07:29.934 [info] fatal: not a git repository (or any of the parent directories): .git
2025-05-12 18:07:29.944 [info] > git rev-parse --show-toplevel [2ms]
2025-05-12 18:07:29.944 [info] fatal: not a git repository (or any of the parent directories): .git
2025-05-12 18:07:29.954 [info] > git rev-parse --show-toplevel [2ms]
2025-05-12 18:07:29.954 [info] fatal: not a git repository (or any of the parent directories): .git
2025-05-12 18:07:29.960 [info] > git rev-parse --show-toplevel [1ms]
2025-05-12 18:07:29.960 [info] fatal: not a git repository (or any of the parent directories): .git
2025-05-12 18:07:29.970 [info] > git rev-parse --show-toplevel [2ms]
2025-05-12 18:07:29.970 [info] fatal: not a git repository (or any of the parent directories): .git
2025-05-12 18:07:29.977 [info] > git rev-parse --show-toplevel [1ms]
2025-05-12 18:07:29.977 [info] fatal: not a git repository (or any of the parent directories): .git
2025-05-12 18:07:29.982 [info] > git rev-parse --show-toplevel [1ms]
2025-05-12 18:07:29.983 [info] fatal: not a git repository (or any of the parent directories): .git
2025-05-12 18:07:29.990 [info] > git rev-parse --show-toplevel [1ms]
2025-05-12 18:07:29.990 [info] fatal: not a git repository (or any of the parent directories): .git
2025-05-12 18:07:29.997 [info] > git rev-parse --show-toplevel [1ms]
2025-05-12 18:07:29.997 [info] fatal: not a git repository (or any of the parent directories): .git
2025-05-12 18:07:30.005 [info] > git rev-parse --show-toplevel [2ms]
2025-05-12 18:07:30.005 [info] fatal: not a git repository (or any of the parent directories): .git
2025-05-12 18:07:30.014 [info] > git rev-parse --show-toplevel [2ms]
2025-05-12 18:07:30.014 [info] fatal: not a git repository (or any of the parent directories): .git
2025-05-12 18:07:30.031 [info] > git rev-parse --show-toplevel [3ms]
2025-05-12 18:07:30.031 [info] fatal: not a git repository (or any of the parent directories): .git
2025-05-12 18:07:30.040 [info] > git rev-parse --show-toplevel [1ms]
2025-05-12 18:07:30.040 [info] fatal: not a git repository (or any of the parent directories): .git
2025-05-12 18:07:30.049 [info] > git rev-parse --show-toplevel [2ms]
2025-05-12 18:07:30.057 [info] > git rev-parse --git-dir --git-common-dir [2ms]
2025-05-12 18:07:30.078 [info] [Model][openRepository] Opened repository: /home/umakanth/eww
2025-05-12 18:07:30.085 [info] [Model][doInitialScan] Initial repository scan completed - repositories (1), closed repositories (0), parent repositories (0), unsafe repositories (0)
2025-05-12 18:07:30.102 [info] > git config --get commit.template [10ms]
2025-05-12 18:07:30.103 [info] > git rev-parse --show-toplevel [3ms]
2025-05-12 18:07:30.103 [info] fatal: not a git repository (or any of the parent directories): .git
2025-05-12 18:07:30.116 [info] > git for-each-ref --format=%(refname)%00%(upstream:short)%00%(objectname)%00%(upstream:track)%00%(upstream:remotename)%00%(upstream:remoteref) refs/heads/master refs/remotes/master [7ms]
2025-05-12 18:07:30.122 [warning] [Git][revParse] Unable to read file: ENOENT: no such file or directory, open '/home/umakanth/eww/.git/refs/remotes/origin/master'
2025-05-12 18:07:30.123 [info] > git rev-parse --show-toplevel [7ms]
2025-05-12 18:07:30.123 [info] fatal: not a git repository (or any of the parent directories): .git
2025-05-12 18:07:30.124 [info] > git rev-parse refs/remotes/origin/master [2ms]
2025-05-12 18:07:30.144 [info] > git for-each-ref --sort -committerdate --format %(refname)%00%(objectname)%00%(*objectname) [6ms]
2025-05-12 18:07:30.191 [info] > git status -z -uall [61ms]
2025-05-12 18:07:30.237 [info] > git for-each-ref --format=%(refname)%00%(upstream:short)%00%(objectname)%00%(upstream:track)%00%(upstream:remotename)%00%(upstream:remoteref) refs/heads/master refs/remotes/master [12ms]
2025-05-12 18:07:30.245 [info] > git config --get --local branch.master.vscode-merge-base [2ms]
2025-05-12 18:07:30.252 [info] > git config --get commit.template [15ms]
2025-05-12 18:07:30.255 [info] > git for-each-ref --format=%(refname)%00%(upstream:short)%00%(objectname)%00%(upstream:track)%00%(upstream:remotename)%00%(upstream:remoteref) refs/heads/origin/master refs/remotes/origin/master [4ms]
2025-05-12 18:07:30.273 [info] > git merge-base refs/heads/master refs/remotes/origin/master [11ms]
2025-05-12 18:07:30.278 [info] > git for-each-ref --format=%(refname)%00%(upstream:short)%00%(objectname)%00%(upstream:track)%00%(upstream:remotename)%00%(upstream:remoteref) refs/heads/master refs/remotes/master [6ms]
2025-05-12 18:07:30.285 [warning] [Git][revParse] Unable to read file: ENOENT: no such file or directory, open '/home/umakanth/eww/.git/refs/remotes/origin/master'
2025-05-12 18:07:30.286 [info] > git diff --name-status -z --diff-filter=ADMR 2c6523a372c688d141373bd9b7ac26d84b458eda...refs/remotes/origin/master [8ms]
2025-05-12 18:07:30.287 [info] > git rev-parse refs/remotes/origin/master [2ms]
2025-05-12 18:07:30.300 [info] > git for-each-ref --sort -committerdate --format %(refname)%00%(objectname)%00%(*objectname) [3ms]
2025-05-12 18:07:30.302 [info] > git status -z -uall [10ms]
2025-05-12 18:07:31.024 [info] > git rev-parse --show-toplevel [2ms]
2025-05-12 18:07:31.024 [info] fatal: not a git repository (or any of the parent directories): .git
2025-05-12 18:07:42.922 [info] > git rev-parse --show-toplevel [1ms]
2025-05-12 18:07:42.922 [info] fatal: not a git repository (or any of the parent directories): .git
2025-05-12 18:07:43.779 [info] > git rev-parse --show-toplevel [2ms]
2025-05-12 18:07:43.779 [info] fatal: not a git repository (or any of the parent directories): .git
2025-05-12 18:07:46.306 [info] > git rev-parse --show-toplevel [3ms]
2025-05-12 18:07:46.306 [info] fatal: not a git repository (or any of the parent directories): .git
2025-05-12 18:07:47.688 [info] > git rev-parse --show-toplevel [2ms]
2025-05-12 18:07:47.688 [info] fatal: not a git repository (or any of the parent directories): .git
2025-05-12 18:07:50.489 [info] > git rev-parse --show-toplevel [2ms]
2025-05-12 18:07:50.489 [info] fatal: not a git repository (or any of the parent directories): .git
2025-05-12 18:07:59.103 [info] > git rev-parse --show-toplevel [2ms]
2025-05-12 18:07:59.103 [info] fatal: not a git repository (or any of the parent directories): .git
