2025-05-12 12:57:53.981 [info] [main] Log level: Info
2025-05-12 12:57:53.981 [info] [main] Validating found git in: "git"
2025-05-12 12:57:53.981 [info] [main] Using git "2.49.0" from "git"
2025-05-12 12:57:53.981 [info] [Model][doInitialScan] Initial repository scan started
2025-05-12 12:57:53.981 [info] > git rev-parse --show-toplevel [6ms]
2025-05-12 12:57:53.981 [info] fatal: not a git repository (or any of the parent directories): .git
2025-05-12 12:57:53.981 [info] > git rev-parse --show-toplevel [2ms]
2025-05-12 12:57:53.981 [info] fatal: not a git repository (or any of the parent directories): .git
2025-05-12 12:57:54.042 [info] > git rev-parse --show-toplevel [1ms]
2025-05-12 12:57:54.042 [info] fatal: not a git repository (or any of the parent directories): .git
2025-05-12 12:57:54.048 [info] > git rev-parse --show-toplevel [2ms]
2025-05-12 12:57:54.048 [info] fatal: not a git repository (or any of the parent directories): .git
2025-05-12 12:57:54.057 [info] > git rev-parse --show-toplevel [1ms]
2025-05-12 12:57:54.057 [info] fatal: not a git repository (or any of the parent directories): .git
2025-05-12 12:57:54.063 [info] > git rev-parse --show-toplevel [2ms]
2025-05-12 12:57:54.063 [info] fatal: not a git repository (or any of the parent directories): .git
2025-05-12 12:57:54.073 [info] > git rev-parse --show-toplevel [2ms]
2025-05-12 12:57:54.073 [info] fatal: not a git repository (or any of the parent directories): .git
2025-05-12 12:57:54.079 [info] > git rev-parse --show-toplevel [2ms]
2025-05-12 12:57:54.079 [info] fatal: not a git repository (or any of the parent directories): .git
2025-05-12 12:57:54.090 [info] > git rev-parse --show-toplevel [1ms]
2025-05-12 12:57:54.090 [info] fatal: not a git repository (or any of the parent directories): .git
2025-05-12 12:57:54.097 [info] > git rev-parse --show-toplevel [2ms]
2025-05-12 12:57:54.097 [info] fatal: not a git repository (or any of the parent directories): .git
2025-05-12 12:57:54.110 [info] > git rev-parse --show-toplevel [5ms]
2025-05-12 12:57:54.110 [info] fatal: not a git repository (or any of the parent directories): .git
2025-05-12 12:57:54.118 [info] > git rev-parse --show-toplevel [3ms]
2025-05-12 12:57:54.118 [info] fatal: not a git repository (or any of the parent directories): .git
2025-05-12 12:57:54.125 [info] > git rev-parse --show-toplevel [1ms]
2025-05-12 12:57:54.125 [info] fatal: not a git repository (or any of the parent directories): .git
2025-05-12 12:57:54.140 [info] > git rev-parse --show-toplevel [1ms]
2025-05-12 12:57:54.140 [info] fatal: not a git repository (or any of the parent directories): .git
2025-05-12 12:57:54.148 [info] > git rev-parse --show-toplevel [1ms]
2025-05-12 12:57:54.148 [info] fatal: not a git repository (or any of the parent directories): .git
2025-05-12 12:57:54.158 [info] > git rev-parse --show-toplevel [1ms]
2025-05-12 12:57:54.158 [info] fatal: not a git repository (or any of the parent directories): .git
2025-05-12 12:57:54.165 [info] > git rev-parse --show-toplevel [1ms]
2025-05-12 12:57:54.165 [info] fatal: not a git repository (or any of the parent directories): .git
2025-05-12 12:57:54.175 [info] > git rev-parse --show-toplevel [3ms]
2025-05-12 12:57:54.175 [info] fatal: not a git repository (or any of the parent directories): .git
2025-05-12 12:57:54.182 [info] > git rev-parse --show-toplevel [2ms]
2025-05-12 12:57:54.182 [info] fatal: not a git repository (or any of the parent directories): .git
2025-05-12 12:57:54.192 [info] > git rev-parse --show-toplevel [1ms]
2025-05-12 12:57:54.192 [info] fatal: not a git repository (or any of the parent directories): .git
2025-05-12 12:57:54.208 [info] > git rev-parse --show-toplevel [10ms]
2025-05-12 12:57:54.208 [info] fatal: not a git repository (or any of the parent directories): .git
2025-05-12 12:57:54.216 [info] > git rev-parse --show-toplevel [2ms]
2025-05-12 12:57:54.216 [info] fatal: not a git repository (or any of the parent directories): .git
2025-05-12 12:57:54.226 [info] > git rev-parse --show-toplevel [2ms]
2025-05-12 12:57:54.238 [info] > git rev-parse --git-dir --git-common-dir [3ms]
2025-05-12 12:57:54.256 [info] [Model][openRepository] Opened repository: /home/umakanth/eww
2025-05-12 12:57:54.261 [info] [Model][doInitialScan] Initial repository scan completed - repositories (1), closed repositories (0), parent repositories (0), unsafe repositories (0)
2025-05-12 12:57:54.286 [info] > git rev-parse --show-toplevel [6ms]
2025-05-12 12:57:54.286 [info] fatal: not a git repository (or any of the parent directories): .git
2025-05-12 12:57:54.286 [info] > git config --get commit.template [17ms]
2025-05-12 12:57:54.301 [info] > git rev-parse --show-toplevel [9ms]
2025-05-12 12:57:54.301 [info] fatal: not a git repository (or any of the parent directories): .git
2025-05-12 12:57:54.302 [info] > git for-each-ref --format=%(refname)%00%(upstream:short)%00%(objectname)%00%(upstream:track)%00%(upstream:remotename)%00%(upstream:remoteref) refs/heads/master refs/remotes/master [4ms]
2025-05-12 12:57:54.309 [warning] [Git][revParse] Unable to read file: ENOENT: no such file or directory, open '/home/umakanth/eww/.git/refs/remotes/origin/master'
2025-05-12 12:57:54.311 [info] > git rev-parse refs/remotes/origin/master [2ms]
2025-05-12 12:57:54.331 [info] > git status -z -uall [13ms]
2025-05-12 12:57:54.331 [info] > git for-each-ref --sort -committerdate --format %(refname)%00%(objectname)%00%(*objectname) [3ms]
2025-05-12 12:57:54.387 [info] > git for-each-ref --format=%(refname)%00%(upstream:short)%00%(objectname)%00%(upstream:track)%00%(upstream:remotename)%00%(upstream:remoteref) refs/heads/master refs/remotes/master [11ms]
2025-05-12 12:57:54.397 [info] > git config --get --local branch.master.vscode-merge-base [3ms]
2025-05-12 12:57:54.405 [info] > git config --get commit.template [19ms]
2025-05-12 12:57:54.412 [info] > git for-each-ref --format=%(refname)%00%(upstream:short)%00%(objectname)%00%(upstream:track)%00%(upstream:remotename)%00%(upstream:remoteref) refs/heads/origin/master refs/remotes/origin/master [7ms]
2025-05-12 12:57:54.422 [info] > git for-each-ref --format=%(refname)%00%(upstream:short)%00%(objectname)%00%(upstream:track)%00%(upstream:remotename)%00%(upstream:remoteref) refs/heads/master refs/remotes/master [11ms]
2025-05-12 12:57:54.428 [warning] [Git][revParse] Unable to read file: ENOENT: no such file or directory, open '/home/umakanth/eww/.git/refs/remotes/origin/master'
2025-05-12 12:57:54.429 [info] > git merge-base refs/heads/master refs/remotes/origin/master [9ms]
2025-05-12 12:57:54.437 [info] > git rev-parse refs/remotes/origin/master [9ms]
2025-05-12 12:57:54.449 [info] > git diff --name-status -z --diff-filter=ADMR 2c6523a372c688d141373bd9b7ac26d84b458eda...refs/remotes/origin/master [13ms]
2025-05-12 12:57:54.453 [info] > git for-each-ref --sort -committerdate --format %(refname)%00%(objectname)%00%(*objectname) [5ms]
2025-05-12 12:57:54.454 [info] > git status -z -uall [11ms]
2025-05-12 12:57:54.987 [info] > git rev-parse --show-toplevel [4ms]
2025-05-12 12:57:54.987 [info] fatal: not a git repository (or any of the parent directories): .git
