2025-05-12 12:57:53.702 [info] Reading sessions from keychain...
2025-05-12 12:57:53.702 [info] Getting sessions for all scopes...
2025-05-12 12:57:53.702 [info] Getting sessions for all scopes...
2025-05-12 12:57:53.702 [info] Getting sessions for all scopes...
2025-05-12 12:57:53.702 [info] Getting sessions for all scopes...
2025-05-12 12:57:53.702 [info] Getting sessions for all scopes...
2025-05-12 12:57:53.702 [info] Getting sessions for all scopes...
2025-05-12 12:57:53.702 [info] Getting sessions for all scopes...
2025-05-12 12:57:53.720 [info] Got 0 sessions for ...
2025-05-12 12:57:53.720 [info] Got 0 sessions for ...
2025-05-12 12:57:53.720 [info] Got 0 sessions for ...
2025-05-12 12:57:53.720 [info] Got 0 sessions for ...
2025-05-12 12:57:53.720 [info] Got 0 sessions for ...
2025-05-12 12:57:53.720 [info] Got 0 sessions for ...
2025-05-12 12:57:53.720 [info] Got 0 sessions for ...
2025-05-12 12:57:53.898 [info] Getting sessions for all scopes...
2025-05-12 12:57:53.898 [info] Got 0 sessions for ...
2025-05-12 12:57:54.199 [info] Getting sessions for all scopes...
2025-05-12 12:57:54.199 [info] Got 0 sessions for ...
2025-05-12 12:57:54.407 [info] Getting sessions for read:user,repo,user:email,workflow...
2025-05-12 12:57:54.407 [info] Got 0 sessions for read:user,repo,user:email,workflow...
2025-05-12 12:57:55.109 [info] Getting sessions for all scopes...
2025-05-12 12:57:55.109 [info] Got 0 sessions for ...
