2025-05-12 12:35:40.889 [info] Extension host with pid 20637 started
2025-05-12 12:35:40.890 [info] Skipping acquiring lock for /home/umakanth/.config/Code/User/workspaceStorage/7765104e37b0c561300d73a7d7c26901.
2025-05-12 12:35:41.396 [info] ExtensionService#_doActivateExtension vscode.github-authentication, startup: false, activationEvent: 'onAuthenticationRequest:github'
2025-05-12 12:35:41.465 [info] ExtensionService#_doActivateExtension vscode.emmet, startup: false, activationEvent: 'onLanguage'
2025-05-12 12:35:41.986 [info] ExtensionService#_doActivateExtension vscode.git-base, startup: true, activationEvent: '*', root cause: vscode.git
2025-05-12 12:35:42.010 [info] ExtensionService#_doActivateExtension vscode.git, startup: true, activationEvent: '*'
2025-05-12 12:35:42.144 [info] ExtensionService#_doActivateExtension vscode.github, startup: true, activationEvent: '*'
2025-05-12 12:35:42.418 [info] Eager extensions activated
2025-05-12 12:35:42.487 [info] ExtensionService#_doActivateExtension vscode.debug-auto-launch, startup: false, activationEvent: 'onStartupFinished'
2025-05-12 12:35:42.498 [info] ExtensionService#_doActivateExtension vscode.merge-conflict, startup: false, activationEvent: 'onStartupFinished'
2025-05-12 12:57:21.094 [info] Extension host terminating: renderer closed the MessagePort
2025-05-12 12:57:21.113 [error] Canceled: Canceled
	at new HR (file:///nix/store/a2mwjizacw89bavfpfgss0z9fclh99xk-vscode-1.99.3/lib/vscode/resources/app/out/vs/workbench/api/node/extensionHostProcess.js:29:111362)
	at i4.U (file:///nix/store/a2mwjizacw89bavfpfgss0z9fclh99xk-vscode-1.99.3/lib/vscode/resources/app/out/vs/workbench/api/node/extensionHostProcess.js:29:115973)
	at s.<computed>.n.charCodeAt.s.<computed> (file:///nix/store/a2mwjizacw89bavfpfgss0z9fclh99xk-vscode-1.99.3/lib/vscode/resources/app/out/vs/workbench/api/node/extensionHostProcess.js:29:113467)
	at vw.g (file:///nix/store/a2mwjizacw89bavfpfgss0z9fclh99xk-vscode-1.99.3/lib/vscode/resources/app/out/vs/workbench/api/node/extensionHostProcess.js:111:40983)
	at vw.executeCommand (file:///nix/store/a2mwjizacw89bavfpfgss0z9fclh99xk-vscode-1.99.3/lib/vscode/resources/app/out/vs/workbench/api/node/extensionHostProcess.js:111:40487)
	at r.registerCommand.description (file:///nix/store/a2mwjizacw89bavfpfgss0z9fclh99xk-vscode-1.99.3/lib/vscode/resources/app/out/vs/workbench/api/node/extensionHostProcess.js:111:39817)
	at vw.h (file:///nix/store/a2mwjizacw89bavfpfgss0z9fclh99xk-vscode-1.99.3/lib/vscode/resources/app/out/vs/workbench/api/node/extensionHostProcess.js:111:41503)
	at vw.g (file:///nix/store/a2mwjizacw89bavfpfgss0z9fclh99xk-vscode-1.99.3/lib/vscode/resources/app/out/vs/workbench/api/node/extensionHostProcess.js:111:40580)
	at vw.executeCommand (file:///nix/store/a2mwjizacw89bavfpfgss0z9fclh99xk-vscode-1.99.3/lib/vscode/resources/app/out/vs/workbench/api/node/extensionHostProcess.js:111:40487)
	at Object.executeCommand (file:///nix/store/a2mwjizacw89bavfpfgss0z9fclh99xk-vscode-1.99.3/lib/vscode/resources/app/out/vs/workbench/api/node/extensionHostProcess.js:173:30346)
	at Ah.L [as value] (/nix/store/a2mwjizacw89bavfpfgss0z9fclh99xk-vscode-1.99.3/lib/vscode/resources/app/extensions/git/dist/main.js:2:511809)
	at D.B (file:///nix/store/a2mwjizacw89bavfpfgss0z9fclh99xk-vscode-1.99.3/lib/vscode/resources/app/out/vs/workbench/api/node/extensionHostProcess.js:27:2375)
	at D.C (file:///nix/store/a2mwjizacw89bavfpfgss0z9fclh99xk-vscode-1.99.3/lib/vscode/resources/app/out/vs/workbench/api/node/extensionHostProcess.js:27:2445)
	at D.fire (file:///nix/store/a2mwjizacw89bavfpfgss0z9fclh99xk-vscode-1.99.3/lib/vscode/resources/app/out/vs/workbench/api/node/extensionHostProcess.js:27:2662)
	at Object.g [as dispose] (/nix/store/a2mwjizacw89bavfpfgss0z9fclh99xk-vscode-1.99.3/lib/vscode/resources/app/extensions/git/dist/main.js:2:534449)
	at /nix/store/a2mwjizacw89bavfpfgss0z9fclh99xk-vscode-1.99.3/lib/vscode/resources/app/extensions/git/dist/main.js:2:540767
	at Array.forEach (<anonymous>)
	at b.dispose (/nix/store/a2mwjizacw89bavfpfgss0z9fclh99xk-vscode-1.99.3/lib/vscode/resources/app/extensions/git/dist/main.js:2:540753)
	at iv.<anonymous> (file:///nix/store/a2mwjizacw89bavfpfgss0z9fclh99xk-vscode-1.99.3/lib/vscode/resources/app/out/vs/workbench/api/node/extensionHostProcess.js:107:8922)
	at iv.dispose (file:///nix/store/a2mwjizacw89bavfpfgss0z9fclh99xk-vscode-1.99.3/lib/vscode/resources/app/out/vs/workbench/api/node/extensionHostProcess.js:107:9018)
	at iv.<anonymous> (/nix/store/a2mwjizacw89bavfpfgss0z9fclh99xk-vscode-1.99.3/lib/vscode/resources/app/extensions/git/dist/main.js:2:514293)
	at iv.dispose (file:///nix/store/a2mwjizacw89bavfpfgss0z9fclh99xk-vscode-1.99.3/lib/vscode/resources/app/out/vs/workbench/api/node/extensionHostProcess.js:107:9018)
	at pi (file:///nix/store/a2mwjizacw89bavfpfgss0z9fclh99xk-vscode-1.99.3/lib/vscode/resources/app/out/vs/workbench/api/node/extensionHostProcess.js:25:701)
	at file:///nix/store/a2mwjizacw89bavfpfgss0z9fclh99xk-vscode-1.99.3/lib/vscode/resources/app/out/vs/workbench/api/node/extensionHostProcess.js:115:14994
	at file:///nix/store/a2mwjizacw89bavfpfgss0z9fclh99xk-vscode-1.99.3/lib/vscode/resources/app/out/vs/workbench/api/node/extensionHostProcess.js:25:1011
	at Object.dispose (file:///nix/store/a2mwjizacw89bavfpfgss0z9fclh99xk-vscode-1.99.3/lib/vscode/resources/app/out/vs/workbench/api/node/extensionHostProcess.js:8:705)
	at vV.eb (file:///nix/store/a2mwjizacw89bavfpfgss0z9fclh99xk-vscode-1.99.3/lib/vscode/resources/app/out/vs/workbench/api/node/extensionHostProcess.js:115:11921)
	at file:///nix/store/a2mwjizacw89bavfpfgss0z9fclh99xk-vscode-1.99.3/lib/vscode/resources/app/out/vs/workbench/api/node/extensionHostProcess.js:115:9876
	at Array.map (<anonymous>)
	at vV.$ (file:///nix/store/a2mwjizacw89bavfpfgss0z9fclh99xk-vscode-1.99.3/lib/vscode/resources/app/out/vs/workbench/api/node/extensionHostProcess.js:115:9864)
	at vV.terminate (file:///nix/store/a2mwjizacw89bavfpfgss0z9fclh99xk-vscode-1.99.3/lib/vscode/resources/app/out/vs/workbench/api/node/extensionHostProcess.js:115:10107)
	at oD.terminate (file:///nix/store/a2mwjizacw89bavfpfgss0z9fclh99xk-vscode-1.99.3/lib/vscode/resources/app/out/vs/workbench/api/node/extensionHostProcess.js:116:1434)
	at es (file:///nix/store/a2mwjizacw89bavfpfgss0z9fclh99xk-vscode-1.99.3/lib/vscode/resources/app/out/vs/workbench/api/node/extensionHostProcess.js:197:5701)
	at MessagePortMain.<anonymous> (file:///nix/store/a2mwjizacw89bavfpfgss0z9fclh99xk-vscode-1.99.3/lib/vscode/resources/app/out/vs/workbench/api/node/extensionHostProcess.js:197:2249)
	at MessagePortMain.emit (node:events:518:28)
	at MessagePortMain._internalPort.emit (node:electron/js2c/utility_init:2:2949) setContext undefined
2025-05-12 12:57:21.114 [error] Canceled: Canceled
	at new HR (file:///nix/store/a2mwjizacw89bavfpfgss0z9fclh99xk-vscode-1.99.3/lib/vscode/resources/app/out/vs/workbench/api/node/extensionHostProcess.js:29:111362)
	at i4.U (file:///nix/store/a2mwjizacw89bavfpfgss0z9fclh99xk-vscode-1.99.3/lib/vscode/resources/app/out/vs/workbench/api/node/extensionHostProcess.js:29:115973)
	at s.<computed>.n.charCodeAt.s.<computed> (file:///nix/store/a2mwjizacw89bavfpfgss0z9fclh99xk-vscode-1.99.3/lib/vscode/resources/app/out/vs/workbench/api/node/extensionHostProcess.js:29:113467)
	at vw.g (file:///nix/store/a2mwjizacw89bavfpfgss0z9fclh99xk-vscode-1.99.3/lib/vscode/resources/app/out/vs/workbench/api/node/extensionHostProcess.js:111:40983)
	at vw.executeCommand (file:///nix/store/a2mwjizacw89bavfpfgss0z9fclh99xk-vscode-1.99.3/lib/vscode/resources/app/out/vs/workbench/api/node/extensionHostProcess.js:111:40487)
	at r.registerCommand.description (file:///nix/store/a2mwjizacw89bavfpfgss0z9fclh99xk-vscode-1.99.3/lib/vscode/resources/app/out/vs/workbench/api/node/extensionHostProcess.js:111:39817)
	at vw.h (file:///nix/store/a2mwjizacw89bavfpfgss0z9fclh99xk-vscode-1.99.3/lib/vscode/resources/app/out/vs/workbench/api/node/extensionHostProcess.js:111:41503)
	at vw.g (file:///nix/store/a2mwjizacw89bavfpfgss0z9fclh99xk-vscode-1.99.3/lib/vscode/resources/app/out/vs/workbench/api/node/extensionHostProcess.js:111:40580)
	at vw.executeCommand (file:///nix/store/a2mwjizacw89bavfpfgss0z9fclh99xk-vscode-1.99.3/lib/vscode/resources/app/out/vs/workbench/api/node/extensionHostProcess.js:111:40487)
	at Object.executeCommand (file:///nix/store/a2mwjizacw89bavfpfgss0z9fclh99xk-vscode-1.99.3/lib/vscode/resources/app/out/vs/workbench/api/node/extensionHostProcess.js:173:30346)
	at set hasGitHubRepositories (/nix/store/a2mwjizacw89bavfpfgss0z9fclh99xk-vscode-1.99.3/lib/vscode/resources/app/extensions/github/dist/extension.js:2:217805)
	at /nix/store/a2mwjizacw89bavfpfgss0z9fclh99xk-vscode-1.99.3/lib/vscode/resources/app/extensions/github/dist/extension.js:2:218764
	at Ah.value (/nix/store/a2mwjizacw89bavfpfgss0z9fclh99xk-vscode-1.99.3/lib/vscode/resources/app/extensions/git/dist/main.js:2:631688)
	at D.B (file:///nix/store/a2mwjizacw89bavfpfgss0z9fclh99xk-vscode-1.99.3/lib/vscode/resources/app/out/vs/workbench/api/node/extensionHostProcess.js:27:2375)
	at D.C (file:///nix/store/a2mwjizacw89bavfpfgss0z9fclh99xk-vscode-1.99.3/lib/vscode/resources/app/out/vs/workbench/api/node/extensionHostProcess.js:27:2445)
	at D.fire (file:///nix/store/a2mwjizacw89bavfpfgss0z9fclh99xk-vscode-1.99.3/lib/vscode/resources/app/out/vs/workbench/api/node/extensionHostProcess.js:27:2662)
	at Object.g [as dispose] (/nix/store/a2mwjizacw89bavfpfgss0z9fclh99xk-vscode-1.99.3/lib/vscode/resources/app/extensions/git/dist/main.js:2:534449)
	at /nix/store/a2mwjizacw89bavfpfgss0z9fclh99xk-vscode-1.99.3/lib/vscode/resources/app/extensions/git/dist/main.js:2:540767
	at Array.forEach (<anonymous>)
	at b.dispose (/nix/store/a2mwjizacw89bavfpfgss0z9fclh99xk-vscode-1.99.3/lib/vscode/resources/app/extensions/git/dist/main.js:2:540753)
	at iv.<anonymous> (file:///nix/store/a2mwjizacw89bavfpfgss0z9fclh99xk-vscode-1.99.3/lib/vscode/resources/app/out/vs/workbench/api/node/extensionHostProcess.js:107:8922)
	at iv.dispose (file:///nix/store/a2mwjizacw89bavfpfgss0z9fclh99xk-vscode-1.99.3/lib/vscode/resources/app/out/vs/workbench/api/node/extensionHostProcess.js:107:9018)
	at iv.<anonymous> (/nix/store/a2mwjizacw89bavfpfgss0z9fclh99xk-vscode-1.99.3/lib/vscode/resources/app/extensions/git/dist/main.js:2:514293)
	at iv.dispose (file:///nix/store/a2mwjizacw89bavfpfgss0z9fclh99xk-vscode-1.99.3/lib/vscode/resources/app/out/vs/workbench/api/node/extensionHostProcess.js:107:9018)
	at pi (file:///nix/store/a2mwjizacw89bavfpfgss0z9fclh99xk-vscode-1.99.3/lib/vscode/resources/app/out/vs/workbench/api/node/extensionHostProcess.js:25:701)
	at file:///nix/store/a2mwjizacw89bavfpfgss0z9fclh99xk-vscode-1.99.3/lib/vscode/resources/app/out/vs/workbench/api/node/extensionHostProcess.js:115:14994
	at file:///nix/store/a2mwjizacw89bavfpfgss0z9fclh99xk-vscode-1.99.3/lib/vscode/resources/app/out/vs/workbench/api/node/extensionHostProcess.js:25:1011
	at Object.dispose (file:///nix/store/a2mwjizacw89bavfpfgss0z9fclh99xk-vscode-1.99.3/lib/vscode/resources/app/out/vs/workbench/api/node/extensionHostProcess.js:8:705)
	at vV.eb (file:///nix/store/a2mwjizacw89bavfpfgss0z9fclh99xk-vscode-1.99.3/lib/vscode/resources/app/out/vs/workbench/api/node/extensionHostProcess.js:115:11921)
	at file:///nix/store/a2mwjizacw89bavfpfgss0z9fclh99xk-vscode-1.99.3/lib/vscode/resources/app/out/vs/workbench/api/node/extensionHostProcess.js:115:9876
	at Array.map (<anonymous>)
	at vV.$ (file:///nix/store/a2mwjizacw89bavfpfgss0z9fclh99xk-vscode-1.99.3/lib/vscode/resources/app/out/vs/workbench/api/node/extensionHostProcess.js:115:9864)
	at vV.terminate (file:///nix/store/a2mwjizacw89bavfpfgss0z9fclh99xk-vscode-1.99.3/lib/vscode/resources/app/out/vs/workbench/api/node/extensionHostProcess.js:115:10107)
	at oD.terminate (file:///nix/store/a2mwjizacw89bavfpfgss0z9fclh99xk-vscode-1.99.3/lib/vscode/resources/app/out/vs/workbench/api/node/extensionHostProcess.js:116:1434)
	at es (file:///nix/store/a2mwjizacw89bavfpfgss0z9fclh99xk-vscode-1.99.3/lib/vscode/resources/app/out/vs/workbench/api/node/extensionHostProcess.js:197:5701)
	at MessagePortMain.<anonymous> (file:///nix/store/a2mwjizacw89bavfpfgss0z9fclh99xk-vscode-1.99.3/lib/vscode/resources/app/out/vs/workbench/api/node/extensionHostProcess.js:197:2249)
	at MessagePortMain.emit (node:events:518:28)
	at MessagePortMain._internalPort.emit (node:electron/js2c/utility_init:2:2949) setContext undefined
2025-05-12 12:57:21.114 [info] Extension host with pid 20637 exiting with code 0
