2025-05-13 15:18:01.203 [info] Extension host with pid 13758 started
2025-05-13 15:18:01.203 [info] Skipping acquiring lock for /home/umakanth/.config/Code/User/workspaceStorage/7765104e37b0c561300d73a7d7c26901.
2025-05-13 15:18:01.684 [info] ExtensionService#_doActivateExtension vscode.github-authentication, startup: false, activationEvent: 'onAuthenticationRequest:github'
2025-05-13 15:18:01.768 [info] ExtensionService#_doActivateExtension vscode.emmet, startup: false, activationEvent: 'onLanguage'
2025-05-13 15:18:02.118 [info] ExtensionService#_doActivateExtension vscode.git-base, startup: true, activationEvent: '*', root cause: vscode.git
2025-05-13 15:18:02.132 [info] ExtensionService#_doActivateExtension vscode.git, startup: true, activationEvent: '*'
2025-05-13 15:18:02.235 [info] ExtensionService#_doActivateExtension vscode.github, startup: true, activationEvent: '*'
2025-05-13 15:18:02.451 [info] Eager extensions activated
2025-05-13 15:18:02.492 [info] ExtensionService#_doActivateExtension vscode.debug-auto-launch, startup: false, activationEvent: 'onStartupFinished'
2025-05-13 15:18:02.497 [info] ExtensionService#_doActivateExtension vscode.merge-conflict, startup: false, activationEvent: 'onStartupFinished'
2025-05-13 15:18:02.642 [info] ExtensionService#_doActivateExtension vscode.configuration-editing, startup: false, activationEvent: 'onLanguage:jsonc'
2025-05-13 15:18:02.662 [info] ExtensionService#_doActivateExtension vscode.json-language-features, startup: false, activationEvent: 'onLanguage:jsonc'
2025-05-13 15:18:02.772 [info] ExtensionService#_doActivateExtension vscode.typescript-language-features, startup: false, activationEvent: 'onLanguage:jsonc'
2025-05-13 17:06:25.403 [warning] [Decorations] CAPPING events from decorations provider vscode.git 3331
2025-05-13 17:06:25.948 [warning] [Decorations] CAPPING events from decorations provider vscode.git 3331
2025-05-13 17:06:27.442 [warning] [Decorations] CAPPING events from decorations provider vscode.git 3331
2025-05-13 17:06:32.543 [warning] [Decorations] CAPPING events from decorations provider vscode.git 3331
2025-05-13 17:06:37.609 [warning] [Decorations] CAPPING events from decorations provider vscode.git 3331
2025-05-13 17:06:42.677 [warning] [Decorations] CAPPING events from decorations provider vscode.git 3331
2025-05-13 17:06:45.469 [info] ExtensionService#_doActivateExtension vscode.npm, startup: false, activationEvent: 'onTerminalQuickFixRequest:ms-vscode.npm-command'
2025-05-13 17:06:47.759 [warning] [Decorations] CAPPING events from decorations provider vscode.git 3331
2025-05-13 17:06:52.901 [warning] [Decorations] CAPPING events from decorations provider vscode.git 3331
2025-05-13 17:06:53.358 [info] ExtensionService#_doActivateExtension vscode.extension-editing, startup: false, activationEvent: 'onLanguage:json'
2025-05-13 17:06:57.960 [warning] [Decorations] CAPPING events from decorations provider vscode.git 3331
2025-05-13 17:07:03.015 [warning] [Decorations] CAPPING events from decorations provider vscode.git 3331
2025-05-13 17:07:08.071 [warning] [Decorations] CAPPING events from decorations provider vscode.git 3331
2025-05-13 17:07:13.124 [warning] [Decorations] CAPPING events from decorations provider vscode.git 3331
2025-05-13 17:07:18.180 [warning] [Decorations] CAPPING events from decorations provider vscode.git 3331
2025-05-13 17:07:23.249 [warning] [Decorations] CAPPING events from decorations provider vscode.git 3331
2025-05-13 17:07:28.314 [warning] [Decorations] CAPPING events from decorations provider vscode.git 3331
2025-05-13 17:07:33.371 [warning] [Decorations] CAPPING events from decorations provider vscode.git 3331
2025-05-13 17:07:38.424 [warning] [Decorations] CAPPING events from decorations provider vscode.git 3331
2025-05-13 17:07:43.481 [warning] [Decorations] CAPPING events from decorations provider vscode.git 3331
2025-05-13 17:07:44.059 [warning] [Decorations] CAPPING events from decorations provider vscode.git 3331
2025-05-13 17:07:48.536 [warning] [Decorations] CAPPING events from decorations provider vscode.git 3331
2025-05-13 17:07:53.591 [warning] [Decorations] CAPPING events from decorations provider vscode.git 3331
