2025-05-12 18:51:39.536 [info] [main] Log level: Info
2025-05-12 18:51:39.537 [info] [main] Validating found git in: "git"
2025-05-12 18:51:39.537 [info] [main] Using git "2.49.0" from "git"
2025-05-12 18:51:39.537 [info] [Model][doInitialScan] Initial repository scan started
2025-05-12 18:51:39.537 [info] > git rev-parse --show-toplevel [4ms]
2025-05-12 18:51:39.537 [info] fatal: not a git repository (or any of the parent directories): .git
2025-05-12 18:51:39.537 [info] > git rev-parse --show-toplevel [3ms]
2025-05-12 18:51:39.537 [info] fatal: not a git repository (or any of the parent directories): .git
2025-05-12 18:51:39.792 [info] > git rev-parse --show-toplevel [248ms]
2025-05-12 18:51:39.792 [info] fatal: not a git repository (or any of the parent directories): .git
2025-05-12 18:51:39.931 [info] > git rev-parse --show-toplevel [7ms]
2025-05-12 18:51:39.931 [info] fatal: not a git repository (or any of the parent directories): .git
2025-05-12 18:51:39.988 [info] > git rev-parse --show-toplevel [52ms]
2025-05-12 18:51:39.988 [info] fatal: not a git repository (or any of the parent directories): .git
2025-05-12 18:51:40.015 [info] > git rev-parse --show-toplevel [10ms]
2025-05-12 18:51:40.015 [info] fatal: not a git repository (or any of the parent directories): .git
2025-05-12 18:51:40.033 [info] > git rev-parse --show-toplevel [7ms]
2025-05-12 18:51:40.033 [info] fatal: not a git repository (or any of the parent directories): .git
2025-05-12 18:51:40.042 [info] > git rev-parse --show-toplevel [2ms]
2025-05-12 18:51:40.042 [info] fatal: not a git repository (or any of the parent directories): .git
2025-05-12 18:51:40.056 [info] > git rev-parse --show-toplevel [2ms]
2025-05-12 18:51:40.056 [info] fatal: not a git repository (or any of the parent directories): .git
2025-05-12 18:51:40.071 [info] > git rev-parse --show-toplevel [3ms]
2025-05-12 18:51:40.071 [info] fatal: not a git repository (or any of the parent directories): .git
2025-05-12 18:51:40.086 [info] > git rev-parse --show-toplevel [2ms]
2025-05-12 18:51:40.086 [info] fatal: not a git repository (or any of the parent directories): .git
2025-05-12 18:51:40.096 [info] > git rev-parse --show-toplevel [4ms]
2025-05-12 18:51:40.096 [info] fatal: not a git repository (or any of the parent directories): .git
2025-05-12 18:51:40.107 [info] > git rev-parse --show-toplevel [2ms]
2025-05-12 18:51:40.107 [info] fatal: not a git repository (or any of the parent directories): .git
2025-05-12 18:51:40.119 [info] > git rev-parse --show-toplevel [3ms]
2025-05-12 18:51:40.119 [info] fatal: not a git repository (or any of the parent directories): .git
2025-05-12 18:51:40.130 [info] > git rev-parse --show-toplevel [3ms]
2025-05-12 18:51:40.130 [info] fatal: not a git repository (or any of the parent directories): .git
2025-05-12 18:51:40.139 [info] > git rev-parse --show-toplevel [1ms]
2025-05-12 18:51:40.139 [info] fatal: not a git repository (or any of the parent directories): .git
2025-05-12 18:51:40.147 [info] > git rev-parse --show-toplevel [2ms]
2025-05-12 18:51:40.147 [info] fatal: not a git repository (or any of the parent directories): .git
2025-05-12 18:51:40.154 [info] > git rev-parse --show-toplevel [1ms]
2025-05-12 18:51:40.154 [info] fatal: not a git repository (or any of the parent directories): .git
2025-05-12 18:51:40.160 [info] > git rev-parse --show-toplevel [1ms]
2025-05-12 18:51:40.160 [info] fatal: not a git repository (or any of the parent directories): .git
2025-05-12 18:51:40.169 [info] > git rev-parse --show-toplevel [1ms]
2025-05-12 18:51:40.169 [info] fatal: not a git repository (or any of the parent directories): .git
2025-05-12 18:51:40.175 [info] > git rev-parse --show-toplevel [2ms]
2025-05-12 18:51:40.175 [info] fatal: not a git repository (or any of the parent directories): .git
2025-05-12 18:51:40.183 [info] > git rev-parse --show-toplevel [2ms]
2025-05-12 18:51:40.183 [info] fatal: not a git repository (or any of the parent directories): .git
2025-05-12 18:51:40.193 [info] > git rev-parse --show-toplevel [2ms]
2025-05-12 18:51:40.205 [info] > git rev-parse --git-dir --git-common-dir [2ms]
2025-05-12 18:51:40.225 [info] [Model][openRepository] Opened repository: /home/umakanth/eww
2025-05-12 18:51:40.233 [info] [Model][doInitialScan] Initial repository scan completed - repositories (1), closed repositories (0), parent repositories (0), unsafe repositories (0)
2025-05-12 18:51:40.286 [info] > git rev-parse --show-toplevel [25ms]
2025-05-12 18:51:40.286 [info] fatal: not a git repository (or any of the parent directories): .git
2025-05-12 18:51:40.286 [info] > git config --get commit.template [39ms]
2025-05-12 18:51:40.308 [info] > git rev-parse --show-toplevel [17ms]
2025-05-12 18:51:40.308 [info] fatal: not a git repository (or any of the parent directories): .git
2025-05-12 18:51:40.393 [info] > git for-each-ref --format=%(refname)%00%(upstream:short)%00%(objectname)%00%(upstream:track)%00%(upstream:remotename)%00%(upstream:remoteref) refs/heads/master refs/remotes/master [88ms]
2025-05-12 18:51:40.405 [warning] [Git][revParse] Unable to read file: ENOENT: no such file or directory, open '/home/umakanth/eww/.git/refs/remotes/origin/master'
2025-05-12 18:51:40.406 [info] > git rev-parse --show-toplevel [13ms]
2025-05-12 18:51:40.406 [info] fatal: not a git repository (or any of the parent directories): .git
2025-05-12 18:51:40.407 [info] > git rev-parse refs/remotes/origin/master [2ms]
2025-05-12 18:51:40.425 [info] > git for-each-ref --sort -committerdate --format %(refname)%00%(objectname)%00%(*objectname) [4ms]
2025-05-12 18:51:40.468 [info] > git status -z -uall [56ms]
2025-05-12 18:51:40.498 [info] > git for-each-ref --format=%(refname)%00%(upstream:short)%00%(objectname)%00%(upstream:track)%00%(upstream:remotename)%00%(upstream:remoteref) refs/heads/master refs/remotes/master [7ms]
2025-05-12 18:51:40.506 [info] > git config --get --local branch.master.vscode-merge-base [1ms]
2025-05-12 18:51:40.511 [info] > git config --get commit.template [13ms]
2025-05-12 18:51:40.516 [info] > git for-each-ref --format=%(refname)%00%(upstream:short)%00%(objectname)%00%(upstream:track)%00%(upstream:remotename)%00%(upstream:remoteref) refs/heads/origin/master refs/remotes/origin/master [5ms]
2025-05-12 18:51:40.523 [info] > git for-each-ref --format=%(refname)%00%(upstream:short)%00%(objectname)%00%(upstream:track)%00%(upstream:remotename)%00%(upstream:remoteref) refs/heads/master refs/remotes/master [7ms]
2025-05-12 18:51:40.528 [warning] [Git][revParse] Unable to read file: ENOENT: no such file or directory, open '/home/umakanth/eww/.git/refs/remotes/origin/master'
2025-05-12 18:51:40.528 [info] > git merge-base refs/heads/master refs/remotes/origin/master [6ms]
2025-05-12 18:51:40.544 [info] > git rev-parse refs/remotes/origin/master [16ms]
2025-05-12 18:51:40.557 [info] > git diff --name-status -z --diff-filter=ADMR 2c6523a372c688d141373bd9b7ac26d84b458eda...refs/remotes/origin/master [23ms]
2025-05-12 18:51:40.559 [info] > git for-each-ref --sort -committerdate --format %(refname)%00%(objectname)%00%(*objectname) [3ms]
2025-05-12 18:51:40.560 [info] > git status -z -uall [11ms]
2025-05-12 19:27:26.830 [info] > git rev-parse --show-toplevel [1ms]
2025-05-12 19:27:26.831 [info] fatal: not a git repository (or any of the parent directories): .git
2025-05-12 19:27:27.287 [info] > git rev-parse --show-toplevel [2ms]
2025-05-12 19:27:27.287 [info] fatal: not a git repository (or any of the parent directories): .git
2025-05-12 19:27:29.257 [info] > git rev-parse --show-toplevel [2ms]
2025-05-12 19:27:29.257 [info] fatal: not a git repository (or any of the parent directories): .git
2025-05-12 19:27:30.762 [info] > git rev-parse --show-toplevel [2ms]
2025-05-12 19:27:30.762 [info] fatal: not a git repository (or any of the parent directories): .git
