2025-05-12 18:11:54.841 [info] Reading sessions from keychain...
2025-05-12 18:11:54.841 [info] Getting sessions for all scopes...
2025-05-12 18:11:54.841 [info] Getting sessions for all scopes...
2025-05-12 18:11:54.841 [info] Getting sessions for all scopes...
2025-05-12 18:11:54.841 [info] Getting sessions for all scopes...
2025-05-12 18:11:54.841 [info] Getting sessions for all scopes...
2025-05-12 18:11:54.841 [info] Getting sessions for all scopes...
2025-05-12 18:11:54.841 [info] Getting sessions for all scopes...
2025-05-12 18:11:54.893 [info] Got 0 sessions for ...
2025-05-12 18:11:54.893 [info] Got 0 sessions for ...
2025-05-12 18:11:54.893 [info] Got 0 sessions for ...
2025-05-12 18:11:54.893 [info] Got 0 sessions for ...
2025-05-12 18:11:54.893 [info] Got 0 sessions for ...
2025-05-12 18:11:54.893 [info] Got 0 sessions for ...
2025-05-12 18:11:54.893 [info] Got 0 sessions for ...
2025-05-12 18:11:55.094 [info] Getting sessions for all scopes...
2025-05-12 18:11:55.094 [info] Got 0 sessions for ...
2025-05-12 18:11:55.401 [info] Getting sessions for all scopes...
2025-05-12 18:11:55.401 [info] Got 0 sessions for ...
2025-05-12 18:11:55.640 [info] Getting sessions for read:user,repo,user:email,workflow...
2025-05-12 18:11:55.640 [info] Got 0 sessions for read:user,repo,user:email,workflow...
2025-05-12 18:11:55.776 [info] Getting sessions for all scopes...
2025-05-12 18:11:55.776 [info] Got 0 sessions for ...
